Timestamp Memory_KB
1765972065  9436
1765972065 37780
1765972065 69628
1765972065 104372
1765972066 344616
1765972066 1200704
1765972066 2048660
1765972066 2418304
1765972066 2471104
1765972066 2521336
1765972066 2574376
1765972066 2624208
1765972066 2672932
1765972067 2719868
1765972067 2766788
1765972067 2812340
1765972067 2859344
1765972067 2899956
1765972067 2942824
1765972067 2977524
1765972067 2995872
1765972068 3011476
1765972068 3027572
1765972068 3042372
1765972068 3058512
1765972068 3075380
1765972068 3092260
1765972068 3107588
1765972068 3122944
1765972069 3138768
1765972069 3155864
1765972069 3171232
1765972069 3187648
1765972069 3201748
1765972069 3219352
1765972069 3235064
1765972069 3250704
1765972070 3266084
1765972070 3281724
1765972070 3296268
1765972070 3312916
1765972070 3329596
1765972070 3345748
1765972070 3361096
1765972070 3377028
1765972071 3392392
1765972071 3408788
1765972071 3425168
1765972071 3441092
1765972071 3456468
1765972071 3469540
1765972071 3484460
1765972071 3500524
1765972072 3514640
1765972072 3532672
1765972072 3549196
1765972072 3564724
1765972072 3580696
1765972072 3596140
1765972072 3613128
1765972072 3626952
1765972072 3641352
1765972073 3657556
1765972073 3672924
1765972073 3688340
1765972073 3702444
1765972073 3718332
1765972073 3735576
1765972073 3752008
1765972073 3769032
1765972074 3783396
1765972074 3798756
1765972074 3813916
1765972074 3829352
1765972074 3844472
1765972074 3860200
1765972074 3874840
1765972074 3891508
1765972075 3907508
1765972075 3921692
1765972075 3934492
1765972075 3951016
1765972075 3967572
1765972075 3984424
1765972075 3999964
1765972075 4014376
1765972076 4031424
1765972076 4045824
1765972076 4062336
1765972076 4076948
1765972076 4093736
1765972076 4111260
1765972076 4127732
1765972076 4142892
1765972077 4157036
1765972077 4173804
1765972077 4189260
1765972077 4204704
1765972077 4221712
1765972077 4234852
1765972077 4250568
1765972077 4266052
1765972078 4281964
1765972078 4297664
1765972078 4313136
1765972078 4328264
1765972078 4344244
1765972078 4360644
1765972078 4377716
1765972078 4392108
1765972078 4408892
1765972079 4426140
1765972079 4440664
1765972079 4456364
1765972079 4474260
1765972079 4487428
1765972079 4502992
1765972079 4519600
1765972079 4535152
1765972080 4550980
1765972080 4567060
1765972080 4582556
1765972080 4598040
1765972080 4613596
1765972080 4629040
1765972080 4646112
1765972080 4658988
1765972081 4672888
1765972081 4689984
1765972081 4705928
1765972081 4722984
1765972081 4738400
1765972081 4752332
1765972081 4769652
1765972081 4787196
1765972082 4802956
1765972082 4819924
1765972082 4837832
1765972082 4851984
1765972082 4868256
1765972082 4884760
1765972082 4899172
1765972082 4913388
1765972083 4929076
1765972083 4944824
1765972083 4962400
1765972083 4979160
1765972083 4997008
1765972083 5012236
1765972083 5026152
1765972083 5041100
1765972084 5058120
1765972084 5071512
1765972084 5087760
1765972084 5104304
1765972084 5119780
1765972084 5135028
1765972084 5151744
1765972084 5166988
1765972084 5181464
1765972085 5196988
1765972085 5213588
1765972085 5226500
1765972085 5243636
1765972085 5259204
1765972085 5275828
1765972085 5290860
1765972085 5306164
1765972086 5323312
1765972086 5338356
1765972086 5352492
1765972086 3534596
1765972086 373384
1765972086 1286796
1765972086 2194060
1765972086 3056268
1765972087 3906196
1765972087 4457872
1765972087 4473184
1765972087 4489816
1765972087 4507256
1765972087 4526000
1765972087 4545008
1765972087 4564544
1765972088 4586472
1765972088 4614456
1765972088 4641648
1765972088 4662520
1765972088 4684960
1765972088 4714264
1765972088 4746752
1765972088 4772360
1765972089 4795592
1765972089 4815672
1765972089 4843128
1765972089 4865304
1765972089 4886704
1765972089 4913632
1765972089 4943464
1765972089 4975952
1765972090 4999448
1765972090 5018720
1765972090 5040120
1765972090 5069952
1765972090 5090016
1765972090 5112208
1765972090 5131744
1765972090 5151808
1765972090 5173020
1765972091 5193372
1765972091 5213372
1765972091 5235108
1765972091 5254648
1765972091 5274376
1765972091 5296440
1765972091 5315164
1765972091 5336476
1765972092 5353784
1765972092 5373528
1765972092 5394528
1765972092 5412900
1765972092 5433044
1765972092 5453372
1765972092 5472904
1765972092 5492968
1765972093 5513292
1765972093 5535468
1765972093 5553948
1765972093 5573484
1765972093 5593240
1765972093 5615000
1765972093 5635288
1765972093 5653496
1765972094 5674348
1765972094 5694940
1765972094 5715576
1765972094 5138772
1765972094 415500
1765972094 1324812
1765972094 2236172
1765972094 3139340
1765972095 4036364
1765972095 4476840
1765972095 4488736
1765972095 4507216
1765972095 4523320
1765972095 4537576
1765972095 4551056
1765972095 4563992
1765972095 4576400
1765972096 4588808
1765972096 4600968
1765972096 4615224
1765972096 4627896
1765972096 4646640
1765972096 4667512
1765972096 4682824
1765972096 4696024
1765972097 4708960
1765972097 4721384
1765972097 4739072
1765972097 4758244
1765972097 4781376
1765972097 4799080
1765972097 4814128
1765972097 4828384
1765972098 4840528
1765972098 4853216
1765972098 4871696
1765972098 4889120
1765972098 4904432
1765972098 4917648
1765972098 4930848
1765972098 4948536
1765972099 4970184
1765972099 4990528
1765972099 5011912
1765972099 5028808
1765972099 5043592
1765972099 5056016
1765972099 5068160
1765972099 5082416
1765972100 5102744
1765972100 5119128
1765972100 5132328
1765972100 5148432
1765972100 5161896
1765972100 5174848
1765972100 5185672
1765972100 5199136
1765972101 5211808
1765972101 5224276
1765972101 5236916
1765972101 5249316
1765972101 5261192
1765972101 5273876
1765972101 5285756
1765972101 5297636
1765972101 5309780
1765972102 5321924
1765972102 5334332
1765972102 5185808
1765972102 5185808
1765972102 5185808
1765972102 5185808
1765972102 5185808
1765972102 672932
1765972103 1584292
1765972103 2495656
1765972103 3409064
1765972103 4312232
1765972103 4607328
1765972103 4607592
1765972103 4607796
1765972103 4607872
1765972104 4607872
1765972104 4616056
1765972104 4641664
1765972104 4667024
1765972104 4692104
1765972104 4716128
1765972104 4739888
1765972104 4762856
1765972105 4780016
1765972105 4794288
1765972105 4812504
1765972105 4833624
1765972105 4847088
1765972105 4856064
1765972105 4865320
1765972105 4878256
1765972106 4895680
1765972106 4911256
1765972106 4931584
1765972106 4949288
1765972106 4961432
1765972106 4973312
1765972106 4982816
1765972106 4992584
1765972106 5007384
1765972107 5024280
1765972107 5038008
1765972107 5049624
1765972107 5059920
1765972107 5072872
1765972107 5089240
1765972107 5106664
1765972107 5127520
1765972108 5147320
1765972108 5160784
1765972108 5172416
1765972108 5182448
1765972108 5192744
1765972108 5205152
1765972108 5222840
1765972108 5237376
1765972109 5248464
1765972109 5260608
1765972109 5273544
1765972109 5285688
1765972109 5299696
1765972109 5306032
1765972109 5314744
1765972109 5325568
1765972110 5337184
1765972110 5347864
1765972110 5358584
1765972110 5369144
1765972110 5379176
1765972110 5389472
1765972110 5399504
1765972110 5410088
1765972111 5405580
1765972111 5405580
1765972111 5405580
1765972111 5405580
1765972111 5405580
1765972111 5405580
1765972111 5405580
1765972111 5405580
1765972111 5405580
1765972112 5405580
1765972112 5405580
1765972112 5405580
1765972112 5405580
1765972112 5405580
1765972112 5405580
1765972112 5405580
1765972112 1611828
1765972113 2523188
1765972113 3430452
1765972113 4345908
1765972113 5249076
1765972113 5404948
1765972113 5405128
1765972113 5405392
1765972113 5405392
1765972114 5405392
1765972114 5405392
1765972114 5405392
1765972114 5405392
1765972114 5405392
1765972114 5405580
1765972114 5405580
1765972114 5405580
1765972115 5405580
1765972115 5405580
1765972115 5405580
1765972115 5405580
1765972115 5405580
1765972115 5405580
1765972115 5405580
1765972115 5405580
1765972116 5405580
1765972116 5405580
1765972116 5405688
1765972116 5405704
1765972116 5405704
1765972116 5405704
1765972116 5405968
1765972116 5405968
1765972117 5405968
1765972117 5407088
1765972117 5408096
1765972117 5408888
1765972117 5409416
1765972117 5409680
1765972117 5410208
1765972117 5411264
1765972117 5411588
1765972118 5411588
1765972118 5411808
1765972118 5412072
1765972118 5413656
1765972118 5415768
1765972118 5417088
1765972118 5418952
1765972118 5421592
1765972119 5421592
1765972119 5421592
1765972119 5422648
1765972119 5426344
1765972119 5436904
1765972119 5446432
1765972119 5456456
1765972119 5466224
1765972120 5475728
1765972120 5473480
1765972120 5473480
1765972120 5473480
1765972120 5473480
1765972120 5473480
1765972120 5473480
1765972120 5473480
1765972121 5473480
1765972121 5473480
1765972121 5473480
1765972121 5473480
1765972121 5473480
1765972121 5473480
1765972121 5473480
1765972121 5473480
1765972122 5473480
1765972122 5473480
1765972122 5473480
1765972122 5473480
1765972122 5473480
1765972122 5473480
1765972122 5473480
1765972122 1671536
1765972123 2580848
1765972123 3494256
1765972123 4397424
1765972123 5300592
1765972123 5472916
1765972123 5473180
1765972123 5473180
1765972123 5473420
1765972123 5473460
1765972124 5473460
1765972124 5473460
1765972124 5473460
1765972124 5473460
1765972124 5473672
1765972124 5473672
1765972124 5473672
1765972124 5473672
1765972125 5473672
1765972125 5473672
1765972125 5473672
1765972125 5473672
1765972125 5473672
1765972125 5473672
1765972125 5473672
1765972125 5473672
1765972126 5473672
1765972126 5473756
1765972126 5473908
1765972126 5473908
1765972126 5473908
1765972126 5473908
1765972126 5473908
1765972126 5473908
1765972127 5473908
1765972127 5473988
1765972127 5473988
1765972127 5473988
1765972127 5473988
1765972127 5473988
1765972127 5473988
1765972127 5473988
1765972128 5473988
1765972128 5474032
1765972128 5474032
1765972128 5474032
1765972128 5474032
1765972128 5474032
1765972128 5474032
1765972128 5474032
1765972129 5474032
1765972129 5474032
1765972129 5474032
1765972129 5474032
1765972129 5474036
1765972129 5474036
1765972129 5474036
1765972129 5474036
1765972130 5474036
1765972130 5479888
1765972130 5490448
1765972130 5480880
1765972130 5480880
1765972130 5480880
1765972130 5480880
1765972130 5480880
1765972130 5480880
1765972131 5480880
1765972131 5480880
1765972131 5480880
1765972131 5480880
1765972131 5480880
1765972131 5480880
1765972131 5480880
1765972131 5480880
1765972132 5480880
1765972132 5480880
1765972132 5480880
1765972132 5480880
1765972132 5480880
1765972132 5480880
1765972132 5480880
1765972132 5480880
1765972133 1188152
1765972133 2069988
1765972133 2975204
1765972133 3415524
1765972133 3415524
1765972133 3415524
1765972133 3415524
1765972133 3415524
1765972134 3415524
1765972134 3415524
1765972134 3415524
1765972134 3415524
1765972134 3415524
1765972134 3415524
1765972134 3415524
1765972134 3415524
1765972135 3415524
1765972135 3415524
1765972135 3415524
1765972135 3415524
1765972135 3415524
1765972135 3415524
1765972135 3415524
1765972135 3415524
1765972136 3415524
1765972136 3415524
1765972136 3415548
1765972136 3415548
1765972136 3415548
1765972136 3415548
1765972136 3431592
1765972136 3448216
1765972136 3465640
1765972137 3480904
1765972137 3497644
1765972137 3513444
1765972137 3530320
1765972137 3545616
1765972137 3561976
1765972137 3577276
1765972137 3593640
1765972138 3610456
1765972138 3627016
1765972138 3642772
1765972138 3661748
1765972138 3678020
1765972138 3696216
1765972138 3711520
1765972138 3731248
1765972139 3748932
1765972139 3765556
1765972139 3784184
1765972139 3802088
1765972139 3819392
1765972139 3834688
1765972139 3851052
1765972139 3870052
1765972140 3885808
1765972140 3904020
1765972140 3920916
1765972140 3939552
1765972140 3955244
1765972140 3974164
1765972140 3990776
1765972140 4007668
1765972141 4024556
1765972141 4039860
1765972141 4055960
1765972141 4072848
1765972141 4089120
1765972141 4106480
1765972141 4123868
1765972141 4143380
1765972141 4158956
1765972142 4175516
1765972142 4193732
1765972142 4209300
1765972142 4227148
1765972142 4242340
1765972142 4260512
1765972142 4276856
1765972142 4294804
1765972143 4311408
1765972143 4330144
1765972143 4346772
1765972143 4362080
1765972143 4377344
1765972143 4392308
1765972143 4408908
1765972143 4427092
1765972144 4445004
1765972144 4461892
1765972144 4480364
1765972144 4499360
1765972144 4514936
1765972144 4530704
1765972144 4547516
1765972144 4563328
1765972145 4580208
1765972145 4597076
1765972145 4612640
1765972145 4630320
1765972145 4646940
1765972145 4664100
1765972145 4679680
1765972145 4694984
1765972146 4710556
1765972146 4729496
1765972146 4745860
1765972146 4763284
1765972146 4779124
1765972146 4796544
1765972146 4814692
1765972146 4832116
1765972147 4851124
1765972147 4866436
1765972147 4884848
1765972147 4902536
1765972147 4918904
1765972147 4936328
1765972147 4951900
1765972147 4967208
1765972147 4985160
1765972148 5001264
1765972148 5019148
1765972148 5036040
1765972148 5051612
1765972148 5068244
1765972148 5083556
1765972148 5100452
1765972148 5119720
1765972149 5135560
1765972149 5153708
1765972149 5170868
1765972149 5188292
1765972149 5204660
1765972149 5220236
1765972149 5236868
1765972149 5252444
1765972150 5268020
1765972150 5284388
1765972150 5301284
1765972150 5319236
1765972150 5336396
1765972150 5353028
1765972150 5368076
1765972150 5385764
1765972151 5402132
1765972151 5419820
1765972151 5435920
1765972151 5451496
1765972151 5468392
1765972151 5483440
1765972151 5499804
1765972151 5515644
1765972152 1225040
1765972152 2110972
1765972152 3022336
1765972152 3929600
1765972152 4832772
1765972152 5479956
1765972152 5479956
1765972152 5479956
1765972152 5479956
1765972153 5479956
1765972153 5480044
1765972153 5480044
1765972153 5480044
1765972153 5480044
1765972153 5480044
1765972153 5480044
1765972153 5480044
1765972154 5480044
1765972154 5480044
1765972154 5480044
1765972154 5480044
1765972154 5480044
1765972154 5480044
1765972154 5480044
1765972154 5480044
1765972155 5480044
1765972155 5480044
1765972155 5480044
1765972155 5480044
1765972155 5480044
1765972155 5480044
1765972155 5480044
1765972155 5480044
1765972156 5480044
1765972156 5480044
1765972156 5480044
1765972156 5480044
1765972156 5480044
1765972156 5480044
1765972156 5480044
1765972156 5480044
1765972157 5480044
1765972157 5480044
1765972157 5480044
1765972157 5480044
1765972157 5500204
1765972157 5524740
1765972157 5548232
1765972157 5568824
1765972158 5594696
1765972158 5620304
1765972158 5642216
1765972158 5666768
1765972158 5688152
1765972158 5712704
1765972158 5734616
1765972158 5482152
1765972158 1756728
1765972159 2666040
1765972159 3577400
1765972159 4482616
1765972159 5379640
1765972159 5482164
1765972159 5482428
1765972159 5482428
1765972159 5482428
1765972160 5482428
1765972160 5482708
1765972160 5482708
1765972160 5482708
1765972160 5482708
1765972160 5482708
1765972160 5482708
1765972160 5482708
1765972161 5482708
1765972161 5482708
1765972161 5482708
1765972161 5482708
1765972161 5482708
1765972161 5482792
1765972161 5482792
1765972161 5482792
1765972162 5482792
1765972162 5482792
1765972162 5482792
1765972162 5482792
1765972162 5482792
1765972162 5482792
1765972162 5482792
1765972162 5482792
1765972163 5482804
1765972163 5482804
1765972163 5482804
1765972163 5482804
1765972163 5482804
1765972163 5482804
1765972163 5482804
1765972163 5482804
1765972164 5482804
1765972164 5482804
1765972164 5482804
1765972164 5482804
1765972164 5482808
1765972164 5482808
1765972164 5482808
1765972164 5482808
1765972164 5482808
1765972165 5482808
1765972165 5482808
1765972165 5482808
1765972165 5482808
1765972165 5482808
1765972165 5482808
1765972165 5482812
1765972165 5482812
1765972166 5482812
1765972166 5482812
1765972166 5482812
1765972166 5482812
1765972166 1182092
1765972166 2057784
1765972166 2965052
1765972166 3870268
1765972167 4779580
1765972167 5482164
1765972167 5482444
1765972167 5482444
1765972167 5482708
1765972167 5482708
1765972167 5482708
1765972167 5482708
1765972168 5482708
1765972168 5482708
1765972168 5482708
1765972168 5482708
1765972168 5482708
1765972168 5482896
1765972168 5482896
1765972168 5482896
1765972169 5482896
1765972169 5482896
1765972169 5482896
1765972169 5482896
1765972169 5482896
1765972169 5482896
1765972169 5482896
1765972169 5482896
1765972169 5482896
1765972170 5482896
1765972170 5482896
1765972170 5482896
1765972170 5482896
1765972170 5482896
1765972170 5482896
1765972170 5482896
1765972170 5482896
1765972171 5482896
1765972171 5482896
1765972171 5482896
1765972171 5482896
1765972171 5482896
1765972171 5482896
1765972171 5482896
1765972171 5482896
1765972172 5482896
1765972172 5482896
1765972172 5482896
1765972172 5482896
1765972172 5482896
1765972172 5482896
1765972172 5482896
1765972172 5482896
1765972173 5482896
1765972173 5482896
1765972173 5482896
1765972173 5482896
1765972173 5482896
1765972173 5482896
1765972173 5482896
1765972173 5482896
1765972174 5482896
1765972174 5482896
1765972174 5482896
1765972174 5482896
1765972174 5482896
1765972174 5482896
1765972174 5482896
1765972174 5482896
1765972175 5482896
1765972175 5482896
1765972175 5482896
1765972175 5482896
1765972175 5482896
1765972175 5482896
1765972175 5482896
1765972175 5482896
1765972176 1936952
1765972176 2848312
1765972176 3755576
1765972176 4666936
1765972176 5482044
1765972176 5482428
1765972176 5482692
1765972176 5482692
1765972176 5482692
1765972177 5482692
1765972177 5482692
1765972177 5482692
1765972177 5482896
1765972177 5482896
1765972177 5482896
1765972177 5482896
1765972177 5482896
1765972178 5482896
1765972178 5482896
1765972178 5482896
1765972178 5482896
1765972178 5482896
1765972178 5482896
1765972178 5482896
1765972178 5482896
1765972179 5482896
1765972179 5482896
1765972179 5482896
1765972179 5482896
1765972179 5482896
1765972179 5482896
1765972179 5482896
1765972179 5482896
1765972180 5482896
1765972180 5482896
1765972180 5482896
1765972180 5482896
1765972180 5482896
1765972180 5482896
1765972180 5482896
1765972180 5482896
1765972181 5482896
1765972181 5482896
1765972181 5482896
1765972181 5482896
1765972181 5482896
1765972181 5482896
1765972181 5482896
1765972181 5482896
1765972181 5482896
1765972182 5482896
1765972182 5482896
1765972182 5482896
1765972182 5482896
1765972182 5482896
1765972182 5482896
1765972182 5482896
1765972182 5482896
1765972183 5482896
1765972183 5482896
1765972183 5482896
1765972183 5482896
1765972183 5482896
1765972183 5482896
1765972183 5482896
1765972183 5482896
1765972184 5482896
1765972184 5482896
1765972184 5482896
1765972184 5482896
1765972184 5482896
1765972184 5482896
1765972184 5482896
1765972184 5482896
1765972185 5482896
1765972185 5482896
1765972185 5482896
1765972185 1448248
1765972185 2355512
1765972185 3316024
1765972185 4223288
1765972185 5132600
1765972186 5467768
1765972186 5468292
1765972186 5468292
1765972186 5468292
1765972186 5468556
1765972186 5468556
1765972186 5468556
1765972186 5468576
1765972187 5468576
1765972187 5468576
1765972187 5468576
1765972187 5468576
1765972187 5468576
1765972187 5468576
1765972187 5468576
1765972187 5468576
1765972187 5468576
1765972188 5468576
1765972188 5468576
1765972188 5468576
1765972188 5468576
1765972188 5468576
1765972188 5468576
1765972188 5468576
1765972188 5468576
1765972189 5468576
1765972189 5468576
1765972189 5468576
1765972189 5468576
1765972189 5468576
1765972189 5468576
1765972189 5468576
1765972189 5468576
1765972190 5468576
1765972190 5468576
1765972190 5468576
1765972190 5468576
1765972190 5468576
1765972190 5468576
1765972190 5468576
1765972190 5468576
1765972191 5468576
1765972191 5468576
1765972191 5468576
1765972191 5468576
1765972191 5468576
1765972191 5468576
1765972191 5468576
1765972191 5468576
1765972192 5468576
1765972192 5468576
1765972192 5468576
1765972192 5477992
1765972192 5470060
1765972192 5470060
1765972192 5470060
1765972192 5470060
1765972193 5470060
1765972193 5470060
1765972193 5470060
1765972193 5470060
1765972193 5470060
1765972193 5470060
1765972193 5470060
1765972193 5470060
1765972193 5470060
1765972194 5470060
1765972194 5470060
1765972194 5470060
1765972194 5470060
1765972194 5470060
1765972194 5470060
1765972194 5470060
1765972194 5470060
1765972195 5470060
1765972195 1684500
1765972195 2602004
1765972195 3404820
1765972195 3404820
1765972195 3404820
1765972195 3404820
1765972195 3404820
1765972196 3404820
1765972196 3404820
1765972196 3404820
1765972196 3404820
1765972196 3404820
1765972196 3404820
1765972196 3404820
1765972196 3404820
1765972197 3404820
1765972197 3404820
1765972197 3404820
1765972197 3404820
1765972197 3404820
1765972197 3404820
1765972197 3404820
1765972197 3404820
1765972198 3404820
1765972198 3404820
1765972198 3404820
1765972198 3404820
1765972198 3410860
1765972198 3426700
1765972198 3443848
1765972198 3461536
1765972198 3477636
1765972199 3494796
1765972199 3511164
1765972199 3528588
1765972199 3547064
1765972199 3565544
1765972199 3583628
1765972199 3602032
1765972199 3619160
1765972200 3638132
1765972200 3655812
1765972200 3673484
1765972200 3689580
1765972200 3707256
1765972200 3722568
1765972200 3742828
1765972200 3758400
1765972201 3775032
1765972201 3793248
1765972201 3810144
1765972201 3828096
1765972201 3846772
1765972201 3865680
1765972201 3883524
1765972201 3900672
1765972202 3917300
1765972202 3936236
1765972202 3954444
1765972202 3973452
1765972202 3991924
1765972202 4010592
1765972202 4028808
1765972202 4046760
1765972203 4063124
1765972203 4077380
1765972203 4095592
1765972203 4113500
1765972203 4131108
1765972203 4149260
1765972203 4166660
1765972203 4185396
1765972203 4202744
1765972204 4220952
1765972204 4236524
1765972204 4255260
1765972204 4271888
1765972204 4290888
1765972204 4309296
1765972204 4325664
1765972204 4342560
1765972205 4360776
1765972205 4376304
1765972205 4392576
1765972205 4411540
1765972205 4430000
1765972205 4446872
1765972205 4462436
1765972205 4481968
1765972206 4500976
1765972206 4517344
1765972206 4534768
1765972206 4552192
1765972206 4568820
1765972206 4588884
1765972206 4605508
1765972206 4623988
1765972207 4642744
1765972207 4658848
1765972207 4675744
1765972207 4695280
1765972207 4712704
1765972207 4732504
1765972207 4751972
1765972207 4768604
1765972208 4786028
1765972208 4803716
1765972208 4820344
1765972208 4836976
1765972208 4853276
1765972208 4873076
1765972208 4890764
1765972208 4906868
1765972208 4925876
1765972209 4939604
1765972209 4958344
1765972209 4972864
1765972209 4989232
1765972209 5006920
1765972209 5023288
1765972209 5041240
1765972209 5058664
1765972210 5076880
1765972210 5093512
1765972210 5111660
1765972210 5129084
1765972210 5147760
1765972210 5166504
1765972210 5185248
1765972210 5202936
1765972211 5219832
1765972211 5235144
1765972211 5252832
1765972211 5271312
1765972211 5289000
1765972211 5306688
1765972211 5324112
1765972211 5342064
1765972212 5359488
1765972212 5377440
1765972212 5394072
1765972212 5413872
1765972212 5431560
1765972212 5449512
1765972212 5467200
1765972212 5485680
1765972213 5503104
1765972213 4336688
1765972213 1588244
1765972213 2507800
1765972213 3429400
1765972213 4351004
1765972213 5266476
1765972213 5469228
1765972213 5469228
1765972214 5469228
1765972214 5469228
1765972214 5469228
